2025-10-15 17:56:06 | INFO     | üöÄ Starting A-Qlegal 2.0 Simple Setup
2025-10-15 17:56:06 | INFO     | ============================================================
2025-10-15 17:56:06 | INFO     | Step 1/6: Creating directories
2025-10-15 17:56:06 | INFO     | Created directory: data/raw
2025-10-15 17:56:06 | INFO     | Created directory: data/processed
2025-10-15 17:56:06 | INFO     | Created directory: data/embeddings
2025-10-15 17:56:06 | INFO     | Created directory: models
2025-10-15 17:56:06 | INFO     | Created directory: models/legal_bert
2025-10-15 17:56:06 | INFO     | Created directory: models/flan_t5
2025-10-15 17:56:06 | INFO     | Created directory: models/indic_bert
2025-10-15 17:56:06 | INFO     | Created directory: models/lora
2025-10-15 17:56:06 | INFO     | Created directory: models/rag
2025-10-15 17:56:06 | INFO     | Created directory: logs
2025-10-15 17:56:06 | INFO     | Created directory: cache
2025-10-15 17:56:06 | INFO     | Created directory: configs
2025-10-15 17:56:06 | ERROR    | ‚ùå Setup failed at step 1: Creating directories
2025-10-15 17:56:17 | INFO     | üöÄ Starting A-Qlegal 2.0 Simple Setup
2025-10-15 17:56:17 | INFO     | ============================================================
2025-10-15 17:56:17 | INFO     | Step 1/6: Creating directories
2025-10-15 17:56:17 | INFO     | Created directory: data/raw
2025-10-15 17:56:17 | INFO     | Created directory: data/processed
2025-10-15 17:56:17 | INFO     | Created directory: data/embeddings
2025-10-15 17:56:17 | INFO     | Created directory: models
2025-10-15 17:56:17 | INFO     | Created directory: models/legal_bert
2025-10-15 17:56:17 | INFO     | Created directory: models/flan_t5
2025-10-15 17:56:17 | INFO     | Created directory: models/indic_bert
2025-10-15 17:56:17 | INFO     | Created directory: models/lora
2025-10-15 17:56:17 | INFO     | Created directory: models/rag
2025-10-15 17:56:17 | INFO     | Created directory: logs
2025-10-15 17:56:17 | INFO     | Created directory: cache
2025-10-15 17:56:17 | INFO     | Created directory: configs
2025-10-15 17:56:17 | INFO     | 
2025-10-15 17:56:17 | INFO     | Step 2/6: Installing core dependencies
2025-10-15 17:56:17 | INFO     | Installing core dependencies...
2025-10-15 17:56:17 | INFO     | Running: Installing torch>=2.0.0
2025-10-15 17:56:23 | SUCCESS  | ‚úÖ Installing torch>=2.0.0
2025-10-15 17:56:23 | INFO     | Running: Installing transformers>=4.30.0
2025-10-15 17:56:27 | SUCCESS  | ‚úÖ Installing transformers>=4.30.0
2025-10-15 17:56:27 | INFO     | Running: Installing sentence-transformers>=2.2.2
2025-10-15 17:56:33 | SUCCESS  | ‚úÖ Installing sentence-transformers>=2.2.2
2025-10-15 17:56:33 | INFO     | Running: Installing datasets>=2.12.0
2025-10-15 17:56:39 | SUCCESS  | ‚úÖ Installing datasets>=2.12.0
2025-10-15 17:56:39 | INFO     | Running: Installing accelerate>=0.20.0
2025-10-15 17:56:45 | SUCCESS  | ‚úÖ Installing accelerate>=0.20.0
2025-10-15 17:56:45 | INFO     | Running: Installing peft>=0.6.0
2025-10-15 17:56:50 | SUCCESS  | ‚úÖ Installing peft>=0.6.0
2025-10-15 17:56:50 | INFO     | Running: Installing numpy>=1.24.0
2025-10-15 17:56:57 | SUCCESS  | ‚úÖ Installing numpy>=1.24.0
2025-10-15 17:56:57 | INFO     | Running: Installing pandas>=2.0.0
2025-10-15 17:57:02 | SUCCESS  | ‚úÖ Installing pandas>=2.0.0
2025-10-15 17:57:02 | INFO     | Running: Installing scikit-learn>=1.3.0
2025-10-15 17:57:08 | SUCCESS  | ‚úÖ Installing scikit-learn>=1.3.0
2025-10-15 17:57:08 | INFO     | Running: Installing faiss-cpu>=1.7.4
2025-10-15 17:57:15 | SUCCESS  | ‚úÖ Installing faiss-cpu>=1.7.4
2025-10-15 17:57:15 | INFO     | Running: Installing rank-bm25>=0.2.2
2025-10-15 17:57:18 | SUCCESS  | ‚úÖ Installing rank-bm25>=0.2.2
2025-10-15 17:57:18 | INFO     | Running: Installing fastapi>=0.100.0
2025-10-15 17:57:22 | SUCCESS  | ‚úÖ Installing fastapi>=0.100.0
2025-10-15 17:57:22 | INFO     | Running: Installing uvicorn>=0.22.0
2025-10-15 17:57:29 | SUCCESS  | ‚úÖ Installing uvicorn>=0.22.0
2025-10-15 17:57:29 | INFO     | Running: Installing streamlit>=1.25.0
2025-10-15 17:57:36 | SUCCESS  | ‚úÖ Installing streamlit>=1.25.0
2025-10-15 17:57:36 | INFO     | Running: Installing tqdm>=4.65.0
2025-10-15 17:57:40 | SUCCESS  | ‚úÖ Installing tqdm>=4.65.0
2025-10-15 17:57:40 | INFO     | Running: Installing requests>=2.31.0
2025-10-15 17:57:47 | SUCCESS  | ‚úÖ Installing requests>=2.31.0
2025-10-15 17:57:47 | INFO     | Running: Installing beautifulsoup4>=4.12.0
2025-10-15 17:57:51 | SUCCESS  | ‚úÖ Installing beautifulsoup4>=4.12.0
2025-10-15 17:57:51 | INFO     | Running: Installing PyPDF2>=3.0.0
2025-10-15 17:57:57 | SUCCESS  | ‚úÖ Installing PyPDF2>=3.0.0
2025-10-15 17:57:57 | INFO     | Running: Installing python-docx>=0.8.11
2025-10-15 17:58:02 | SUCCESS  | ‚úÖ Installing python-docx>=0.8.11
2025-10-15 17:58:02 | INFO     | Running: Installing rouge-score>=0.1.2
2025-10-15 17:58:07 | SUCCESS  | ‚úÖ Installing rouge-score>=0.1.2
2025-10-15 17:58:07 | INFO     | Running: Installing sacrebleu>=2.3.0
2025-10-15 17:58:13 | SUCCESS  | ‚úÖ Installing sacrebleu>=2.3.0
2025-10-15 17:58:13 | INFO     | Running: Installing bert-score>=0.3.13
2025-10-15 17:58:20 | SUCCESS  | ‚úÖ Installing bert-score>=0.3.13
2025-10-15 17:58:20 | INFO     | Running: Installing textstat>=0.7.3
2025-10-15 17:58:26 | SUCCESS  | ‚úÖ Installing textstat>=0.7.3
2025-10-15 17:58:26 | INFO     | Running: Installing python-dotenv>=1.0.0
2025-10-15 17:58:31 | SUCCESS  | ‚úÖ Installing python-dotenv>=1.0.0
2025-10-15 17:58:31 | INFO     | Running: Installing loguru>=0.7.0
2025-10-15 17:58:37 | SUCCESS  | ‚úÖ Installing loguru>=0.7.0
2025-10-15 17:58:37 | INFO     | Running: Installing typer>=0.9.0
2025-10-15 17:58:42 | SUCCESS  | ‚úÖ Installing typer>=0.9.0
2025-10-15 17:58:42 | INFO     | Running: Installing rich>=13.7.0
2025-10-15 17:58:49 | SUCCESS  | ‚úÖ Installing rich>=13.7.0
2025-10-15 17:58:49 | INFO     | Running: Installing huggingface-hub>=0.19.0
2025-10-15 17:58:53 | SUCCESS  | ‚úÖ Installing huggingface-hub>=0.19.0
2025-10-15 17:58:53 | INFO     | 
2025-10-15 17:58:53 | INFO     | Step 3/6: Downloading models
2025-10-15 17:58:53 | INFO     | Downloading essential models...
2025-10-15 17:59:06 | INFO     | üöÄ Starting A-Qlegal 2.0 Simple Setup
2025-10-15 17:59:06 | INFO     | ============================================================
2025-10-15 17:59:06 | INFO     | Step 1/6: Creating directories
2025-10-15 17:59:06 | INFO     | Created directory: data/raw
2025-10-15 17:59:06 | INFO     | Created directory: data/processed
2025-10-15 17:59:06 | INFO     | Created directory: data/embeddings
2025-10-15 17:59:06 | INFO     | Created directory: models
2025-10-15 17:59:06 | INFO     | Created directory: models/legal_bert
2025-10-15 17:59:06 | INFO     | Created directory: models/flan_t5
2025-10-15 17:59:06 | INFO     | Created directory: models/indic_bert
2025-10-15 17:59:06 | INFO     | Created directory: models/lora
2025-10-15 17:59:06 | INFO     | Created directory: models/rag
2025-10-15 17:59:06 | INFO     | Created directory: logs
2025-10-15 17:59:06 | INFO     | Created directory: cache
2025-10-15 17:59:06 | INFO     | Created directory: configs
2025-10-15 17:59:06 | INFO     | 
2025-10-15 17:59:06 | INFO     | Step 2/6: Installing core dependencies
2025-10-15 17:59:06 | INFO     | Installing core dependencies...
2025-10-15 17:59:06 | INFO     | Running: Installing torch>=2.0.0
2025-10-15 17:59:11 | SUCCESS  | ‚úÖ Installing torch>=2.0.0
2025-10-15 17:59:11 | INFO     | Running: Installing transformers>=4.30.0
2025-10-15 17:59:16 | SUCCESS  | ‚úÖ Installing transformers>=4.30.0
2025-10-15 17:59:16 | INFO     | Running: Installing sentence-transformers>=2.2.2
2025-10-15 17:59:23 | SUCCESS  | ‚úÖ Installing sentence-transformers>=2.2.2
2025-10-15 17:59:23 | INFO     | Running: Installing datasets>=2.12.0
2025-10-15 17:59:30 | SUCCESS  | ‚úÖ Installing datasets>=2.12.0
2025-10-15 17:59:30 | INFO     | Running: Installing accelerate>=0.20.0
2025-10-15 17:59:34 | SUCCESS  | ‚úÖ Installing accelerate>=0.20.0
2025-10-15 17:59:34 | INFO     | Running: Installing peft>=0.6.0
2025-10-15 17:59:41 | SUCCESS  | ‚úÖ Installing peft>=0.6.0
2025-10-15 17:59:41 | INFO     | Running: Installing numpy>=1.24.0
2025-10-15 17:59:46 | SUCCESS  | ‚úÖ Installing numpy>=1.24.0
2025-10-15 17:59:46 | INFO     | Running: Installing pandas>=2.0.0
2025-10-15 17:59:52 | SUCCESS  | ‚úÖ Installing pandas>=2.0.0
2025-10-15 17:59:52 | INFO     | Running: Installing scikit-learn>=1.3.0
2025-10-15 17:59:57 | SUCCESS  | ‚úÖ Installing scikit-learn>=1.3.0
2025-10-15 17:59:57 | INFO     | Running: Installing faiss-cpu>=1.7.4
2025-10-15 18:00:03 | SUCCESS  | ‚úÖ Installing faiss-cpu>=1.7.4
2025-10-15 18:00:03 | INFO     | Running: Installing rank-bm25>=0.2.2
2025-10-15 18:00:07 | SUCCESS  | ‚úÖ Installing rank-bm25>=0.2.2
2025-10-15 18:00:07 | INFO     | Running: Installing fastapi>=0.100.0
2025-10-15 18:00:14 | SUCCESS  | ‚úÖ Installing fastapi>=0.100.0
2025-10-15 18:00:14 | INFO     | Running: Installing uvicorn>=0.22.0
2025-10-15 18:00:20 | SUCCESS  | ‚úÖ Installing uvicorn>=0.22.0
2025-10-15 18:00:20 | INFO     | Running: Installing streamlit>=1.25.0
2025-10-15 18:00:27 | SUCCESS  | ‚úÖ Installing streamlit>=1.25.0
2025-10-15 18:00:27 | INFO     | Running: Installing tqdm>=4.65.0
2025-10-15 18:00:33 | SUCCESS  | ‚úÖ Installing tqdm>=4.65.0
2025-10-15 18:00:33 | INFO     | Running: Installing requests>=2.31.0
2025-10-15 18:00:40 | SUCCESS  | ‚úÖ Installing requests>=2.31.0
2025-10-15 18:00:40 | INFO     | Running: Installing beautifulsoup4>=4.12.0
2025-10-15 18:00:47 | SUCCESS  | ‚úÖ Installing beautifulsoup4>=4.12.0
2025-10-15 18:00:47 | INFO     | Running: Installing PyPDF2>=3.0.0
2025-10-15 18:00:51 | SUCCESS  | ‚úÖ Installing PyPDF2>=3.0.0
2025-10-15 18:00:51 | INFO     | Running: Installing python-docx>=0.8.11
2025-10-15 18:00:58 | SUCCESS  | ‚úÖ Installing python-docx>=0.8.11
2025-10-15 18:00:58 | INFO     | Running: Installing rouge-score>=0.1.2
2025-10-15 18:01:02 | SUCCESS  | ‚úÖ Installing rouge-score>=0.1.2
2025-10-15 18:01:02 | INFO     | Running: Installing sacrebleu>=2.3.0
2025-10-15 18:01:08 | SUCCESS  | ‚úÖ Installing sacrebleu>=2.3.0
2025-10-15 18:01:08 | INFO     | Running: Installing bert-score>=0.3.13
2025-10-15 18:01:13 | SUCCESS  | ‚úÖ Installing bert-score>=0.3.13
2025-10-15 18:01:13 | INFO     | Running: Installing textstat>=0.7.3
2025-10-15 18:01:19 | SUCCESS  | ‚úÖ Installing textstat>=0.7.3
2025-10-15 18:01:19 | INFO     | Running: Installing python-dotenv>=1.0.0
2025-10-15 18:01:25 | SUCCESS  | ‚úÖ Installing python-dotenv>=1.0.0
2025-10-15 18:01:25 | INFO     | Running: Installing loguru>=0.7.0
2025-10-15 18:01:32 | SUCCESS  | ‚úÖ Installing loguru>=0.7.0
2025-10-15 18:01:32 | INFO     | Running: Installing typer>=0.9.0
2025-10-15 18:01:36 | SUCCESS  | ‚úÖ Installing typer>=0.9.0
2025-10-15 18:01:36 | INFO     | Running: Installing rich>=13.7.0
2025-10-15 18:01:42 | SUCCESS  | ‚úÖ Installing rich>=13.7.0
2025-10-15 18:01:42 | INFO     | Running: Installing huggingface-hub>=0.19.0
2025-10-15 18:01:47 | SUCCESS  | ‚úÖ Installing huggingface-hub>=0.19.0
2025-10-15 18:01:47 | INFO     | 
2025-10-15 18:01:47 | INFO     | Step 3/6: Downloading models
2025-10-15 18:01:47 | INFO     | Downloading essential models...
2025-10-15 18:01:47 | INFO     | Running: Downloading models
2025-10-15 18:02:07 | ERROR    | ‚ùå Downloading models: Traceback (most recent call last):
  File "C:\Users\msgok\AppData\Local\Packages\PythonSoftwareFoundation.Python.3.11_qbz5n2kfra8p0\LocalCache\local-packages\Python311\site-packages\transformers\utils\import_utils.py", line 2317, in __getattr__
    module = self._get_module(self._class_to_module[name])
             ^^^^^^^^^^^^^^^^^^^^^^^^^^^^^^^^^^^^^^^^^^^^^
  File "C:\Users\msgok\AppData\Local\Packages\PythonSoftwareFoundation.Python.3.11_qbz5n2kfra8p0\LocalCache\local-packages\Python311\site-packages\transformers\utils\import_utils.py", line 2347, in _get_module
    raise e
  File "C:\Users\msgok\AppData\Local\Packages\PythonSoftwareFoundation.Python.3.11_qbz5n2kfra8p0\LocalCache\local-packages\Python311\site-packages\transformers\utils\import_utils.py", line 2345, in _get_module
    return importlib.import_module("." + module_name, self.__name__)
           ^^^^^^^^^^^^^^^^^^^^^^^^^^^^^^^^^^^^^^^^^^^^^^^^^^^^^^^^^
  File "C:\Program Files\WindowsApps\PythonSoftwareFoundation.Python.3.11_3.11.2544.0_x64__qbz5n2kfra8p0\Lib\importlib\__init__.py", line 126, in import_module
    return _bootstrap._gcd_import(name[level:], package, level)
           ^^^^^^^^^^^^^^^^^^^^^^^^^^^^^^^^^^^^^^^^^^^^^^^^^^^^
  File "<frozen importlib._bootstrap>", line 1204, in _gcd_import
  File "<frozen importlib._bootstrap>", line 1176, in _find_and_load
  File "<frozen importlib._bootstrap>", line 1147, in _find_and_load_unlocked
  File "<frozen importlib._bootstrap>", line 690, in _load_unlocked
  File "<frozen importlib._bootstrap_external>", line 940, in exec_module
  File "<frozen importlib._bootstrap>", line 241, in _call_with_frames_removed
  File "C:\Users\msgok\AppData\Local\Packages\PythonSoftwareFoundation.Python.3.11_qbz5n2kfra8p0\LocalCache\local-packages\Python311\site-packages\transformers\modeling_utils.py", line 70, in <module>
    from .loss.loss_utils import LOSS_MAPPING
  File "C:\Users\msgok\AppData\Local\Packages\PythonSoftwareFoundation.Python.3.11_qbz5n2kfra8p0\LocalCache\local-packages\Python311\site-packages\transformers\loss\loss_utils.py", line 21, in <module>
    from .loss_d_fine import DFineForObjectDetectionLoss
  File "C:\Users\msgok\AppData\Local\Packages\PythonSoftwareFoundation.Python.3.11_qbz5n2kfra8p0\LocalCache\local-packages\Python311\site-packages\transformers\loss\loss_d_fine.py", line 21, in <module>
    from .loss_for_object_detection import (
  File "C:\Users\msgok\AppData\Local\Packages\PythonSoftwareFoundation.Python.3.11_qbz5n2kfra8p0\LocalCache\local-packages\Python311\site-packages\transformers\loss\loss_for_object_detection.py", line 32, in <module>
    from transformers.image_transforms import center_to_corners_format
  File "C:\Users\msgok\AppData\Local\Packages\PythonSoftwareFoundation.Python.3.11_qbz5n2kfra8p0\LocalCache\local-packages\Python311\site-packages\transformers\image_transforms.py", line 22, in <module>
    from .image_utils import (
  File "C:\Users\msgok\AppData\Local\Packages\PythonSoftwareFoundation.Python.3.11_qbz5n2kfra8p0\LocalCache\local-packages\Python311\site-packages\transformers\image_utils.py", line 55, in <module>
    from torchvision.transforms import InterpolationMode
  File "C:\Users\msgok\AppData\Local\Packages\PythonSoftwareFoundation.Python.3.11_qbz5n2kfra8p0\LocalCache\local-packages\Python311\site-packages\torchvision\__init__.py", line 10, in <module>
    from torchvision import _meta_registrations, datasets, io, models, ops, transforms, utils  # usort:skip
    ^^^^^^^^^^^^^^^^^^^^^^^^^^^^^^^^^^^^^^^^^^^^^^^^^^^^^^^^^^^^^^^^^^^^^^^^^^^^^^^^^^^^^^^^^
  File "C:\Users\msgok\AppData\Local\Packages\PythonSoftwareFoundation.Python.3.11_qbz5n2kfra8p0\LocalCache\local-packages\Python311\site-packages\torchvision\_meta_registrations.py", line 163, in <module>
    @torch.library.register_fake("torchvision::nms")
     ^^^^^^^^^^^^^^^^^^^^^^^^^^^^^^^^^^^^^^^^^^^^^^^
  File "C:\Users\msgok\AppData\Local\Packages\PythonSoftwareFoundation.Python.3.11_qbz5n2kfra8p0\LocalCache\local-packages\Python311\site-packages\torch\library.py", line 1069, in register
    use_lib._register_fake(
  File "C:\Users\msgok\AppData\Local\Packages\PythonSoftwareFoundation.Python.3.11_qbz5n2kfra8p0\LocalCache\local-packages\Python311\site-packages\torch\library.py", line 219, in _register_fake
    handle = entry.fake_impl.register(
             ^^^^^^^^^^^^^^^^^^^^^^^^^
  File "C:\Users\msgok\AppData\Local\Packages\PythonSoftwareFoundation.Python.3.11_qbz5n2kfra8p0\LocalCache\local-packages\Python311\site-packages\torch\_library\fake_impl.py", line 50, in register
    if torch._C._dispatch_has_kernel_for_dispatch_key(self.qualname, "Meta"):
       ^^^^^^^^^^^^^^^^^^^^^^^^^^^^^^^^^^^^^^^^^^^^^^^^^^^^^^^^^^^^^^^^^^^^^
RuntimeError: operator torchvision::nms does not exist

The above exception was the direct cause of the following exception:

Traceback (most recent call last):
  File "C:\Users\msgok\Desktop\A-Qlegal-main\download_models.py", line 4, in <module>
    from sentence_transformers import SentenceTransformer
  File "C:\Users\msgok\AppData\Local\Packages\PythonSoftwareFoundation.Python.3.11_qbz5n2kfra8p0\LocalCache\local-packages\Python311\site-packages\sentence_transformers\__init__.py", line 15, in <module>
    from sentence_transformers.cross_encoder import (
  File "C:\Users\msgok\AppData\Local\Packages\PythonSoftwareFoundation.Python.3.11_qbz5n2kfra8p0\LocalCache\local-packages\Python311\site-packages\sentence_transformers\cross_encoder\__init__.py", line 3, in <module>
    from .CrossEncoder import CrossEncoder
  File "C:\Users\msgok\AppData\Local\Packages\PythonSoftwareFoundation.Python.3.11_qbz5n2kfra8p0\LocalCache\local-packages\Python311\site-packages\sentence_transformers\cross_encoder\CrossEncoder.py", line 16, in <module>
    from transformers import (
  File "C:\Users\msgok\AppData\Local\Packages\PythonSoftwareFoundation.Python.3.11_qbz5n2kfra8p0\LocalCache\local-packages\Python311\site-packages\transformers\utils\import_utils.py", line 2320, in __getattr__
    raise ModuleNotFoundError(
ModuleNotFoundError: Could not import module 'PreTrainedModel'. Are this object's requirements defined correctly?

2025-10-15 18:02:07 | ERROR    | ‚ùå Setup failed at step 3: Downloading models
